[30-Nov-2015 23:50:03 UTC] PHP Warning:  mysqli_connect(): php_network_getaddresses: getaddrinfo failed: Name or service not known in /home/ubuntu/workspace/php_course_work/lab_12/guitarwars/index.php on line 19
[30-Nov-2015 23:50:03 UTC] PHP Stack trace:
[30-Nov-2015 23:50:03 UTC] PHP   1. {main}() /home/ubuntu/workspace/php_course_work/lab_12/guitarwars/index.php:0
[30-Nov-2015 23:50:03 UTC] PHP   2. mysqli_connect(*uninitialized*, *uninitialized*, *uninitialized*, *uninitialized*) /home/ubuntu/workspace/php_course_work/lab_12/guitarwars/index.php:19
[30-Nov-2015 23:50:03 UTC] PHP Warning:  mysqli_connect(): (HY000/2002): php_network_getaddresses: getaddrinfo failed: Name or service not known in /home/ubuntu/workspace/php_course_work/lab_12/guitarwars/index.php on line 19
[30-Nov-2015 23:50:03 UTC] PHP Stack trace:
[30-Nov-2015 23:50:03 UTC] PHP   1. {main}() /home/ubuntu/workspace/php_course_work/lab_12/guitarwars/index.php:0
[30-Nov-2015 23:50:03 UTC] PHP   2. mysqli_connect(*uninitialized*, *uninitialized*, *uninitialized*, *uninitialized*) /home/ubuntu/workspace/php_course_work/lab_12/guitarwars/index.php:19
[30-Nov-2015 23:50:03 UTC] PHP Warning:  mysqli_query() expects parameter 1 to be mysqli, boolean given in /home/ubuntu/workspace/php_course_work/lab_12/guitarwars/index.php on line 23
[30-Nov-2015 23:50:03 UTC] PHP Stack trace:
[30-Nov-2015 23:50:03 UTC] PHP   1. {main}() /home/ubuntu/workspace/php_course_work/lab_12/guitarwars/index.php:0
[30-Nov-2015 23:50:03 UTC] PHP   2. mysqli_query(*uninitialized*, *uninitialized*) /home/ubuntu/workspace/php_course_work/lab_12/guitarwars/index.php:23
[30-Nov-2015 23:50:03 UTC] PHP Warning:  mysqli_fetch_array() expects parameter 1 to be mysqli_result, null given in /home/ubuntu/workspace/php_course_work/lab_12/guitarwars/index.php on line 28
[30-Nov-2015 23:50:03 UTC] PHP Stack trace:
[30-Nov-2015 23:50:03 UTC] PHP   1. {main}() /home/ubuntu/workspace/php_course_work/lab_12/guitarwars/index.php:0
[30-Nov-2015 23:50:03 UTC] PHP   2. mysqli_fetch_array(*uninitialized*) /home/ubuntu/workspace/php_course_work/lab_12/guitarwars/index.php:28
[30-Nov-2015 23:50:03 UTC] PHP Warning:  mysqli_close() expects parameter 1 to be mysqli, boolean given in /home/ubuntu/workspace/php_course_work/lab_12/guitarwars/index.php on line 47
[30-Nov-2015 23:50:03 UTC] PHP Stack trace:
[30-Nov-2015 23:50:03 UTC] PHP   1. {main}() /home/ubuntu/workspace/php_course_work/lab_12/guitarwars/index.php:0
[30-Nov-2015 23:50:03 UTC] PHP   2. mysqli_close(*uninitialized*) /home/ubuntu/workspace/php_course_work/lab_12/guitarwars/index.php:47
[01-Dec-2015 00:18:38 UTC] PHP Fatal error:  Call to undefined function SHA() in /home/ubuntu/workspace/php_course_work/lab_12/guitarwars/captcha.php on line 16
[01-Dec-2015 00:18:38 UTC] PHP Stack trace:
[01-Dec-2015 00:18:38 UTC] PHP   1. {main}() /home/ubuntu/workspace/php_course_work/lab_12/guitarwars/captcha.php:0
[01-Dec-2015 00:18:45 UTC] PHP Fatal error:  Call to undefined function SHA() in /home/ubuntu/workspace/php_course_work/lab_12/guitarwars/captcha.php on line 16
[01-Dec-2015 00:18:45 UTC] PHP Stack trace:
[01-Dec-2015 00:18:45 UTC] PHP   1. {main}() /home/ubuntu/workspace/php_course_work/lab_12/guitarwars/captcha.php:0
[01-Dec-2015 00:23:41 UTC] PHP Fatal error:  Call to undefined function SHA() in /home/ubuntu/workspace/php_course_work/lab_12/guitarwars/captcha.php on line 16
[01-Dec-2015 00:23:41 UTC] PHP Stack trace:
[01-Dec-2015 00:23:41 UTC] PHP   1. {main}() /home/ubuntu/workspace/php_course_work/lab_12/guitarwars/captcha.php:0
